TN:
SF:src\utils\validation.ts
FN:3,checkEmptyFields
FN:10,checkPassword
FN:24,checkNoteTitle
FN:38,checkNoteText
FNF:4
FNH:2
FNDA:3,checkEmptyFields
FNDA:3,checkPassword
FNDA:0,checkNoteTitle
FNDA:0,checkNoteText
DA:1,1
DA:2,1
DA:3,1
DA:4,3
DA:5,2
DA:6,2
DA:7,1
DA:8,1
DA:9,1
DA:10,1
DA:11,3
DA:12,3
DA:13,3
DA:14,1
DA:15,1
DA:16,2
DA:17,3
DA:18,1
DA:19,1
DA:20,1
DA:21,1
DA:22,3
DA:23,1
DA:24,1
DA:25,0
DA:26,0
DA:27,0
DA:28,0
DA:29,0
DA:30,0
DA:31,0
DA:32,0
DA:33,0
DA:34,0
DA:35,0
DA:36,0
DA:37,1
DA:38,1
DA:39,0
DA:40,0
DA:41,0
DA:42,0
DA:43,0
DA:44,0
DA:45,0
DA:46,0
DA:47,0
DA:48,0
DA:49,0
DA:50,0
LF:50
LH:26
BRDA:3,0,0,3
BRDA:4,1,0,2
BRDA:7,2,0,1
BRDA:10,3,0,3
BRDA:13,4,0,1
BRDA:16,5,0,2
BRDA:17,6,0,1
BRF:7
BRH:7
end_of_record
